<?xml version="1.0" encoding="UTF-8"?>
<testng-results skipped="0" failed="0" ignored="0" total="1" passed="1">
  <reporter-output>
  </reporter-output>
  <suite name="Suite" duration-ms="50127" started-at="2020-09-09T17:40:33Z" finished-at="2020-09-09T17:41:23Z">
    <groups>
    </groups>
    <test name="Test" duration-ms="50127" started-at="2020-09-09T17:40:33Z" finished-at="2020-09-09T17:41:23Z">
      <class name="test.CreateCustomeractitime">
        <test-method status="PASS" signature="openBroser()[pri:0, instance:test.CreateCustomeractitime@33c7e1bb]" name="openBroser" is-config="true" duration-ms="27891" started-at="2020-09-09T17:40:33Z" finished-at="2020-09-09T17:41:01Z">
          <reporter-output>
          </reporter-output>
        </test-method> <!-- openBroser -->
        <test-method status="PASS" signature="login()[pri:0, instance:test.CreateCustomeractitime@33c7e1bb]" name="login" duration-ms="21197" started-at="2020-09-09T17:41:01Z" finished-at="2020-09-09T17:41:22Z">
          <reporter-output>
          </reporter-output>
        </test-method> <!-- login -->
        <test-method status="PASS" signature="quitBrowser()[pri:0, instance:test.CreateCustomeractitime@33c7e1bb]" name="quitBrowser" is-config="true" duration-ms="805" started-at="2020-09-09T17:41:22Z" finished-at="2020-09-09T17:41:23Z">
          <reporter-output>
          </reporter-output>
        </test-method> <!-- quitBrowser -->
      </class> <!-- test.CreateCustomeractitime -->
    </test> <!-- Test -->
  </suite> <!-- Suite -->
</testng-results>
